<?xml version="1.0" encoding="UTF-8"?>
<!-- Generated by org.testng.reporters.JUnitXMLReporter -->
<testsuite hostname="BDC7-L-1CVWXC2" name="Default test" tests="4" failures="0" timestamp="19 May 2017 10:11:27 GMT" time="228.836" errors="0">
  <testcase name="SGR" time="47.653" classname="support.SUP02_EnvironmentCheck5App"/>
  <testcase name="CEM" time="71.909" classname="support.SUP02_EnvironmentCheck5App"/>
  <testcase name="GC" time="33.486" classname="support.SUP02_EnvironmentCheck5App"/>
  <testcase name="Discovery" time="32.318" classname="support.SUP02_EnvironmentCheck5App"/>
</testsuite> <!-- Default test -->
